<?xml version="1.0" encoding="UTF-8"?>
<!-- Generated by org.testng.reporters.JUnitXMLReporter -->
<testsuite hostname="DESKTOP-H4EJ2HC" name="Android native app test on Android 8" tests="1" failures="0" timestamp="12 Oct 2019 13:03:56 GMT" time="14.081" errors="0">
  <testcase name="@BeforeSuite extentSetup" time="0.0" classname="tutorial.GoogleMaps">
    <failure type="java.lang.NoClassDefFoundError" message="org/apache/commons/lang3/StringUtils">
      <![CDATA[java.lang.NoClassDefFoundError: org/apache/commons/lang3/StringUtils
	at io.appium.java_client.service.local.AppiumServiceBuilder.findDefaultExecutable(AppiumServiceBuilder.java:136)
	at org.openqa.selenium.remote.service.DriverService$Builder.build(DriverService.java:296)
	at io.appium.java_client.service.local.AppiumDriverLocalService.buildService(AppiumDriverLocalService.java:194)
	at io.appium.java_client.service.local.AppiumDriverLocalService.buildDefaultService(AppiumDriverLocalService.java:190)
	at tutorial.GoogleMaps.extentSetup(GoogleMaps.java:92)
Caused by: java.lang.ClassNotFoundException: org.apache.commons.lang3.StringUtils
	at java.net.URLClassLoader.findClass(Unknown Source)
	at java.lang.ClassLoader.loadClass(Unknown Source)
	at sun.misc.Launcher$AppClassLoader.loadClass(Unknown Source)
	at java.lang.ClassLoader.loadClass(Unknown Source)
	... 23 more
... Removed 18 stack frames]]>
    </failure>
  </testcase> <!-- @BeforeSuite extentSetup -->
  <testcase name="testMethod" time="0.005" classname="tutorial.GoogleMaps">
    <skipped/>
  </testcase> <!-- testMethod -->
</testsuite> <!-- Android native app test on Android 8 -->
